Begin worker logging....
server-host: myth30
server-port: 24986
executable: word-count-mapper
executablePath: /usr/class/cs110/samples/assign7-soln/files/bin
outputPath: /usr/class/cs110/samples/assign7-soln/files/map-output
Sending WORKER_READY message to server...
Waiting for response from server...
JOB_START response received from server...
Processing chunk named "/usr/class/cs110/samples/assign7/odyssey-full/odyssey_05.txt".
Processing chunk with command: "/usr/class/cs110/samples/assign7-soln/files/bin/word-count-mapper /usr/class/cs110/samples/assign7/odyssey-full/odyssey_05.txt /usr/class/cs110/samples/assign7-soln/files/map-output/odyssey_05.txt.out /usr/class/cs110/samples/assign7-soln/files/log/myth10-word-count-mapper.log.job"
/usr/class/cs110/samples/assign7-soln/files/bin/word-count-mapper returned with exit status 0.
Sending JOB_DONE to server...
Sending WORKER_READY message to server...
Waiting for response from server...
JOB_START response received from server...
Processing chunk named "/usr/class/cs110/samples/assign7/odyssey-full/odyssey_01.txt".
Processing chunk with command: "/usr/class/cs110/samples/assign7-soln/files/bin/word-count-mapper /usr/class/cs110/samples/assign7/odyssey-full/odyssey_01.txt /usr/class/cs110/samples/assign7-soln/files/map-output/odyssey_01.txt.out /usr/class/cs110/samples/assign7-soln/files/log/myth10-word-count-mapper.log.job"
/usr/class/cs110/samples/assign7-soln/files/bin/word-count-mapper returned with exit status 0.
Sending JOB_DONE to server...
Sending WORKER_READY message to server...
Waiting for response from server...
SERVER_DONE response received from server...
Server is out of input files, so this worker is shutting down...
